TN:
SF:utils/axios-handler.js
FN:26,axiosHandler
FN:37,(anonymous_16)
FN:66,gitbeakerWrapper
FN:76,(anonymous_19)
FN:90,(anonymous_20)
FNF:5
FNH:5
FNDA:15,axiosHandler
FNDA:7,(anonymous_16)
FNDA:5,gitbeakerWrapper
FNDA:27,(anonymous_19)
FNDA:5,(anonymous_20)
DA:1,7
DA:2,7
DA:3,7
DA:5,7
DA:6,7
DA:26,7
DA:27,15
DA:28,15
DA:29,15
DA:31,14
DA:32,1
DA:34,1
DA:37,13
DA:39,7
DA:41,7
DA:43,7
DA:44,5
DA:52,5
DA:53,1
DA:56,6
DA:59,5
DA:62,5
DA:66,7
DA:67,5
DA:68,5
DA:69,5
DA:71,5
DA:72,0
DA:76,27
DA:77,5
DA:78,5
DA:80,5
DA:87,5
DA:88,5
DA:89,5
DA:90,5
DA:94,5
DA:97,5
DA:99,5
DA:100,5
DA:102,5
DA:103,5
DA:104,3
DA:106,2
DA:112,1
DA:114,1
DA:118,1
DA:122,0
DA:129,2
DA:130,1
DA:132,1
DA:136,0
DA:137,0
LF:53
LH:49
BRDA:26,0,0,5
BRDA:27,1,0,5
BRDA:29,2,0,15
BRDA:29,2,1,12
BRDA:31,3,0,1
BRDA:31,4,0,3
BRDA:31,4,1,11
BRDA:31,5,0,14
BRDA:31,5,1,14
BRDA:43,6,0,5
BRDA:43,7,0,2
BRDA:43,7,1,5
BRDA:43,8,0,7
BRDA:43,8,1,7
BRDA:43,9,0,0
BRDA:43,9,1,7
BRDA:43,10,0,7
BRDA:43,10,1,7
BRDA:46,11,0,0
BRDA:46,11,1,5
BRDA:46,12,0,5
BRDA:46,12,1,5
BRDA:46,13,0,0
BRDA:46,13,1,5
BRDA:46,14,0,5
BRDA:46,14,1,5
BRDA:52,15,0,1
BRDA:56,16,0,1
BRDA:59,17,0,5
BRDA:59,17,1,1
BRDA:59,17,2,1
BRDA:59,18,0,1
BRDA:59,18,1,4
BRDA:59,19,0,5
BRDA:59,19,1,5
BRDA:69,20,0,5
BRDA:69,20,1,5
BRDA:71,21,0,0
BRDA:76,22,0,0
BRDA:76,22,1,27
BRDA:76,23,0,27
BRDA:76,23,1,27
BRDA:84,24,0,5
BRDA:84,24,1,0
BRDA:103,25,0,3
BRDA:103,25,1,2
BRDA:104,26,0,2
BRDA:104,26,1,1
BRDA:112,27,0,1
BRDA:112,27,1,0
BRDA:129,28,0,1
BRDA:129,28,1,1
BRDA:129,29,0,1
BRDA:129,29,1,1
BRDA:129,30,0,2
BRDA:129,30,1,2
BRF:56
BRH:49
end_of_record
TN:
SF:utils/bash-string-to-array.js
FN:1,(anonymous_0)
FN:5,(anonymous_1)
FN:6,(anonymous_2)
FNF:3
FNH:3
FNDA:1,(anonymous_0)
FNDA:3,(anonymous_1)
FNDA:2,(anonymous_2)
DA:1,6
DA:2,1
DA:5,3
DA:6,2
LF:4
LH:4
BRDA:2,0,0,1
BRDA:2,0,1,1
BRDA:2,0,2,0
BRDA:3,1,0,0
BRDA:3,1,1,1
BRDA:3,2,0,1
BRDA:3,2,1,1
BRDA:3,3,0,0
BRDA:3,3,1,1
BRDA:3,4,0,1
BRDA:3,4,1,1
BRF:11
BRH:8
end_of_record
TN:
SF:utils/casings.js
FN:7,(anonymous_0)
FN:11,(anonymous_1)
FN:19,(anonymous_2)
FN:23,(anonymous_3)
FN:36,(anonymous_4)
FN:39,(anonymous_5)
FN:43,(anonymous_6)
FNF:7
FNH:7
FNDA:12,(anonymous_0)
FNDA:13,(anonymous_1)
FNDA:1,(anonymous_2)
FNDA:3,(anonymous_3)
FNDA:1,(anonymous_4)
FNDA:3,(anonymous_5)
FNDA:9,(anonymous_6)
DA:7,11
DA:8,12
DA:11,13
DA:19,11
DA:20,1
DA:24,3
DA:36,11
DA:37,1
DA:38,1
DA:39,3
DA:41,1
DA:44,9
DA:46,9
DA:48,8
DA:49,2
DA:52,6
LF:16
LH:16
BRDA:8,0,0,2
BRDA:8,0,1,10
BRDA:8,1,0,12
BRDA:8,1,1,12
BRDA:20,2,0,0
BRDA:20,2,1,1
BRDA:20,3,0,1
BRDA:20,3,1,1
BRDA:24,4,0,1
BRDA:24,4,1,2
BRDA:37,5,0,0
BRDA:37,5,1,1
BRDA:37,6,0,1
BRDA:37,6,1,1
BRDA:46,7,0,1
BRDA:48,8,0,2
BRF:16
BRH:14
end_of_record
TN:
SF:utils/clone-adapters.js
FN:16,cloneAdapters
FN:41,findAdapters
FN:60,downloadAndCopyToAdaptersFolder
FNF:3
FNH:2
FNDA:1,cloneAdapters
FNDA:1,findAdapters
FNDA:0,downloadAndCopyToAdaptersFolder
DA:3,4
DA:5,4
DA:7,4
DA:16,4
DA:21,1
DA:23,1
DA:25,1
DA:27,5
DA:28,2
DA:41,4
DA:42,1
DA:47,1
DA:49,1
DA:51,1
DA:60,4
DA:65,0
DA:67,0
DA:68,0
DA:71,0
LF:19
LH:15
BRDA:19,0,0,1
BRDA:25,1,0,0
BRDA:25,2,0,0
BRDA:25,2,1,1
BRDA:25,3,0,1
BRDA:25,3,1,1
BRDA:49,4,0,1
BRDA:49,4,1,0
BRDA:49,5,0,0
BRDA:49,5,1,1
BRDA:49,6,0,1
BRDA:49,6,1,1
BRF:12
BRH:8
end_of_record
TN:
SF:utils/clone-block-into-repo.js
FN:23,cloneBlockIntoRepo
FNF:1
FNH:1
FNDA:3,cloneBlockIntoRepo
DA:1,6
DA:3,6
DA:4,6
DA:6,6
DA:13,6
DA:23,6
DA:35,3
DA:38,3
DA:39,3
DA:43,3
DA:44,2
DA:46,2
DA:56,2
DA:58,1
DA:60,1
DA:63,1
DA:64,1
DA:65,0
DA:67,1
DA:69,1
DA:75,1
DA:77,1
DA:83,1
DA:85,1
DA:86,1
DA:89,3
DA:91,3
LF:27
LH:26
BRDA:27,0,0,0
BRDA:43,1,0,2
BRDA:43,1,1,1
BRDA:63,2,0,1
BRDA:64,3,0,0
BRDA:64,4,0,1
BRDA:64,4,1,1
BRDA:64,5,0,0
BRDA:64,5,1,1
BRDA:64,6,0,1
BRDA:64,6,1,1
BRDA:64,7,0,0
BRDA:64,7,1,1
BRDA:64,8,0,1
BRDA:64,8,1,1
BRF:15
BRH:11
end_of_record
TN:
SF:utils/create-file.js
FN:12,createFile
FN:23,(anonymous_2)
FN:26,(anonymous_3)
FNF:3
FNH:3
FNDA:13,createFile
FNDA:37,(anonymous_2)
FNDA:97,(anonymous_3)
DA:1,8
DA:12,8
DA:13,13
DA:15,13
DA:17,13
DA:19,13
DA:21,13
DA:23,13
DA:24,37
DA:26,97
DA:29,37
DA:32,13
DA:33,7
DA:35,13
LF:14
LH:14
BRDA:12,0,0,13
BRDA:13,1,0,0
BRDA:17,2,0,13
BRDA:17,2,1,0
BRDA:19,3,0,8
BRDA:19,3,1,5
BRDA:19,4,0,0
BRDA:19,4,1,8
BRDA:19,5,0,8
BRDA:19,5,1,8
BRDA:21,6,0,6
BRDA:21,7,0,0
BRDA:21,7,1,6
BRDA:21,8,0,6
BRDA:21,8,1,6
BRDA:23,9,0,0
BRDA:23,9,1,13
BRDA:23,10,0,13
BRDA:23,10,1,13
BRDA:29,11,0,29
BRDA:32,12,0,7
BRDA:32,13,0,13
BRDA:32,13,1,7
BRF:23
BRH:18
end_of_record
TN:
SF:utils/custom-exec.js
FN:11,(anonymous_8)
FN:11,(anonymous_9)
FN:21,(anonymous_10)
FN:22,(anonymous_11)
FNF:4
FNH:4
FNDA:6,(anonymous_8)
FNDA:6,(anonymous_9)
FNDA:3,(anonymous_10)
FNDA:3,(anonymous_11)
DA:1,7
DA:2,7
DA:11,7
DA:12,6
DA:16,6
DA:18,6
DA:20,6
DA:21,3
DA:23,3
DA:25,2
DA:26,1
LF:11
LH:11
BRDA:11,0,0,3
BRDA:12,1,0,4
BRDA:12,2,0,5
BRDA:16,3,0,6
BRDA:16,3,1,5
BRDA:23,4,0,1
BRDA:23,5,0,3
BRDA:23,5,1,3
BRDA:25,6,0,1
BRF:9
BRH:9
end_of_record
TN:
SF:utils/eslint-utils.js
FN:27,(anonymous_0)
FN:28,(anonymous_1)
FN:34,(anonymous_2)
FN:45,(anonymous_3)
FN:46,(anonymous_4)
FN:49,(anonymous_5)
FN:69,(anonymous_6)
FN:70,(anonymous_7)
FN:71,(anonymous_8)
FNF:9
FNH:3
FNDA:2,(anonymous_0)
FNDA:3,(anonymous_1)
FNDA:1,(anonymous_2)
FNDA:0,(anonymous_3)
FNDA:0,(anonymous_4)
FNDA:0,(anonymous_5)
FNDA:0,(anonymous_6)
FNDA:0,(anonymous_7)
FNDA:0,(anonymous_8)
DA:27,7
DA:28,2
DA:29,3
DA:31,2
DA:33,2
DA:34,1
DA:37,2
DA:45,7
DA:46,0
DA:47,0
DA:49,0
DA:50,0
DA:51,0
DA:52,0
DA:56,0
DA:57,0
DA:59,0
DA:69,7
DA:70,0
DA:71,0
DA:72,0
DA:77,0
DA:79,0
DA:82,0
LF:24
LH:9
BRDA:27,0,0,1
BRDA:29,1,0,1
BRDA:29,2,0,0
BRDA:29,2,1,3
BRDA:29,3,0,3
BRDA:29,3,1,3
BRDA:33,4,0,1
BRDA:46,5,0,0
BRDA:46,5,1,0
BRDA:46,6,0,0
BRDA:46,6,1,0
BRDA:50,7,0,0
BRDA:56,8,0,0
BRDA:77,9,0,0
BRDA:77,10,0,0
BRDA:77,10,1,0
BRDA:77,11,0,0
BRDA:77,11,1,0
BRF:18
BRH:6
end_of_record
TN:
SF:utils/get-args.js
FNF:0
FNH:0
DA:1,7
DA:3,7
DA:27,7
DA:29,7
DA:31,7
DA:32,7
DA:34,7
DA:36,7
LF:8
LH:8
BRF:0
BRH:0
end_of_record
TN:
SF:utils/get-block-name-and-path.js
FN:7,getBlockNameAndPath
FNF:1
FNH:1
FNDA:14,getBlockNameAndPath
DA:7,6
DA:8,14
DA:10,14
DA:12,14
DA:14,14
DA:15,14
DA:16,14
DA:17,14
DA:19,14
DA:21,14
DA:22,12
DA:26,12
DA:30,12
DA:31,12
DA:34,12
DA:35,3
DA:36,2
DA:40,1
DA:41,1
DA:42,9
DA:43,8
DA:45,8
DA:46,8
DA:47,8
DA:48,8
DA:50,8
DA:51,2
DA:56,8
DA:57,8
DA:59,2
DA:60,2
DA:63,10
LF:32
LH:32
BRDA:8,0,0,0
BRDA:8,1,0,14
BRDA:8,1,1,14
BRDA:10,2,0,0
BRDA:10,2,1,14
BRDA:10,3,0,14
BRDA:10,3,1,14
BRDA:14,4,0,0
BRDA:14,4,1,14
BRDA:14,5,0,14
BRDA:14,5,1,14
BRDA:15,6,0,0
BRDA:15,6,1,14
BRDA:15,7,0,14
BRDA:15,7,1,14
BRDA:19,8,0,14
BRDA:19,8,1,6
BRDA:21,9,0,12
BRDA:21,9,1,2
BRDA:27,10,0,12
BRDA:27,10,1,10
BRDA:31,11,0,12
BRDA:31,11,1,5
BRDA:34,12,0,3
BRDA:34,12,1,9
BRDA:34,13,0,12
BRDA:34,13,1,4
BRDA:35,14,0,2
BRDA:35,15,0,3
BRDA:35,15,1,2
BRDA:42,16,0,8
BRDA:43,17,0,8
BRDA:43,17,1,3
BRDA:50,18,0,2
BRDA:50,19,0,8
BRDA:50,19,1,2
BRDA:56,20,0,8
BRDA:56,20,1,7
BRDA:56,20,2,4
BRF:39
BRH:35
end_of_record
TN:
SF:utils/gitlab-paginated-data-wrapper.js
FN:15,(anonymous_13)
FN:19,(anonymous_14)
FNF:2
FNH:2
FNDA:2,(anonymous_13)
FNDA:2,(anonymous_14)
DA:1,8
DA:2,8
DA:15,8
DA:19,2
DA:24,2
DA:29,2
DA:35,2
DA:37,2
DA:39,2
DA:40,1
DA:42,1
LF:11
LH:11
BRDA:16,0,0,0
BRDA:18,1,0,1
BRDA:21,2,0,1
BRDA:22,3,0,1
BRDA:23,4,0,1
BRDA:35,5,0,2
BRDA:35,5,1,0
BRDA:35,6,0,2
BRDA:35,6,1,2
BRDA:39,7,0,1
BRDA:39,7,1,1
BRDA:39,8,0,2
BRDA:39,8,1,1
BRDA:39,8,2,0
BRF:14
BRH:11
end_of_record
TN:
SF:utils/move-from-nested-to-clone-target.js
FN:9,moveFromNestedToCloneTarget
FNF:1
FNH:1
FNDA:1,moveFromNestedToCloneTarget
DA:1,4
DA:9,4
DA:10,1
DA:11,1
DA:13,1
LF:5
LH:5
BRF:0
BRH:0
end_of_record
TN:
SF:utils/progress-bar.js
FN:10,(anonymous_1)
FN:18,(anonymous_2)
FN:24,(anonymous_3)
FN:33,(anonymous_4)
FN:39,(anonymous_5)
FN:56,(anonymous_6)
FN:56,(anonymous_7)
FN:64,(anonymous_8)
FNF:8
FNH:7
FNDA:9,(anonymous_1)
FNDA:4,(anonymous_2)
FNDA:75,(anonymous_3)
FNDA:71,(anonymous_4)
FNDA:72,(anonymous_5)
FNDA:73,(anonymous_6)
FNDA:0,(anonymous_7)
FNDA:4,(anonymous_8)
DA:1,7
DA:2,7
DA:4,7
DA:9,7
DA:11,9
DA:12,9
DA:13,9
DA:14,9
DA:15,9
DA:19,4
DA:20,4
DA:21,4
DA:25,75
DA:28,75
DA:29,1
DA:33,75
DA:34,71
DA:35,71
DA:41,72
DA:43,72
DA:45,72
DA:46,72
DA:47,72
DA:49,72
DA:51,72
DA:56,0
DA:57,73
DA:58,73
DA:59,2372
DA:61,73
DA:65,4
DA:67,4
DA:70,4
LF:33
LH:32
BRDA:14,0,0,0
BRDA:14,0,1,9
BRDA:14,1,0,9
BRDA:14,1,1,9
BRDA:28,2,0,1
BRDA:41,3,0,0
BRDA:45,4,0,0
BRDA:45,4,1,72
BRDA:45,5,0,72
BRDA:45,5,1,72
BRDA:46,6,0,0
BRDA:46,6,1,72
BRDA:46,7,0,72
BRDA:46,7,1,72
BRDA:47,8,0,0
BRDA:47,8,1,72
BRDA:47,9,0,72
BRDA:47,9,1,72
BRDA:51,10,0,0
BRDA:51,10,1,72
BRDA:51,11,0,72
BRDA:51,11,1,72
BRDA:56,12,0,0
BRDA:67,13,0,0
BRDA:70,14,0,0
BRDA:70,14,1,4
BRDA:70,15,0,4
BRDA:70,15,1,4
BRF:28
BRH:19
end_of_record
TN:
SF:utils/remove-directory.js
FN:9,(anonymous_1)
FN:16,(anonymous_2)
FNF:2
FNH:2
FNDA:23,(anonymous_1)
FNDA:7,(anonymous_2)
DA:1,7
DA:2,7
DA:9,7
DA:10,23
DA:12,13
DA:14,12
DA:16,12
DA:17,7
DA:19,7
DA:20,7
DA:21,5
DA:23,2
DA:28,12
LF:13
LH:13
BRDA:10,0,0,10
BRDA:12,1,0,1
BRDA:19,2,0,7
BRDA:19,3,0,7
BRDA:19,3,1,7
BRDA:20,4,0,5
BRDA:20,4,1,2
BRF:7
BRH:7
end_of_record
TN:
SF:utils/remove-non-npm-packages.js
FN:10,removeNonNpmPackages
FN:22,checkAndGetNpmPackage
FN:37,doesNpmPackageExist
FNF:3
FNH:3
FNDA:2,removeNonNpmPackages
FNDA:8,checkAndGetNpmPackage
FNDA:8,doesNpmPackageExist
DA:1,7
DA:10,7
DA:11,2
DA:13,12
DA:14,6
DA:16,6
DA:19,2
DA:23,8
DA:25,8
DA:27,8
DA:28,4
DA:30,2
DA:31,2
DA:33,4
DA:39,8
DA:46,8
LF:16
LH:16
BRDA:16,0,0,5
BRDA:27,1,0,4
BRDA:27,1,1,4
BRDA:28,2,0,2
BRDA:33,3,0,3
BRDA:33,3,1,1
BRF:6
BRH:6
end_of_record
TN:
SF:utils/run-spawn.js
FN:12,(anonymous_8)
FN:12,(anonymous_9)
FN:45,(anonymous_10)
FN:51,(anonymous_11)
FN:57,(anonymous_12)
FN:58,(anonymous_13)
FNF:6
FNH:6
FNDA:13,(anonymous_8)
FNDA:13,(anonymous_9)
FNDA:13,(anonymous_10)
FNDA:3,(anonymous_11)
FNDA:13,(anonymous_12)
FNDA:13,(anonymous_13)
DA:1,6
DA:2,6
DA:12,13
DA:13,13
DA:21,13
DA:27,13
DA:28,13
DA:34,13
DA:36,13
DA:38,13
DA:40,13
DA:42,13
DA:43,13
DA:45,13
DA:46,13
DA:47,13
DA:48,13
DA:51,13
DA:52,3
DA:53,3
DA:54,3
DA:57,13
DA:58,13
DA:59,13
DA:61,13
DA:65,13
DA:66,4
DA:70,4
DA:72,3
DA:75,12
LF:30
LH:30
BRDA:12,0,0,5
BRDA:34,1,0,13
BRDA:34,1,1,6
BRDA:38,2,0,1
BRDA:45,3,0,0
BRDA:45,3,1,13
BRDA:45,4,0,13
BRDA:45,4,1,13
BRDA:46,5,0,1
BRDA:46,5,1,12
BRDA:47,6,0,13
BRDA:47,6,1,12
BRDA:51,7,0,0
BRDA:51,7,1,13
BRDA:51,8,0,13
BRDA:51,8,1,13
BRDA:52,9,0,0
BRDA:52,9,1,3
BRDA:53,10,0,3
BRDA:53,10,1,3
BRDA:59,11,0,1
BRDA:65,12,0,4
BRDA:66,13,0,1
BRDA:66,13,1,3
BRDA:70,14,0,1
BRF:25
BRH:22
end_of_record
TN:
SF:utils/helpers/get-gitlab-source-branch.js
FN:10,getGitlabSourceBranch
FN:18,(anonymous_9)
FN:18,(anonymous_10)
FN:22,(anonymous_11)
FN:42,(anonymous_12)
FNF:5
FNH:3
FNDA:1,getGitlabSourceBranch
FNDA:0,(anonymous_9)
FNDA:0,(anonymous_10)
FNDA:2,(anonymous_11)
FNDA:1,(anonymous_12)
DA:1,4
DA:2,4
DA:10,4
DA:11,1
DA:18,0
DA:21,1
DA:23,2
DA:27,1
DA:29,1
DA:31,1
DA:34,1
DA:41,1
DA:42,1
DA:45,1
DA:47,1
DA:50,1
DA:57,1
LF:17
LH:16
BRDA:23,0,0,0
BRDA:23,0,1,2
BRDA:23,1,0,2
BRDA:23,1,1,1
BRDA:27,2,0,1
BRDA:27,2,1,1
BRDA:27,3,0,0
BRDA:27,3,1,1
BRDA:27,4,0,1
BRDA:27,4,1,1
BRDA:29,5,0,0
BRDA:45,6,0,1
BRDA:45,6,1,1
BRDA:45,7,0,0
BRDA:45,7,1,1
BRDA:45,8,0,1
BRDA:45,8,1,1
BRDA:47,9,0,0
BRF:18
BRH:13
end_of_record
