TN:
SF:app.js
FN:11,(anonymous_0)
FN:75,(anonymous_1)
FNF:2
FNH:2
FNDA:8,(anonymous_0)
FNDA:26,(anonymous_1)
DA:3,7
DA:11,7
DA:15,8
DA:29,8
DA:30,1
DA:31,1
DA:32,1
DA:33,1
DA:59,8
DA:75,8
DA:76,26
DA:79,26
DA:86,8
DA:92,8
DA:93,1
DA:96,8
DA:103,8
DA:106,8
LF:18
LH:18
BRDA:29,0,0,1
BRDA:29,0,1,7
BRDA:77,1,0,26
BRDA:77,1,1,0
BRDA:92,2,0,1
BRDA:92,2,1,7
BRF:6
BRH:5
end_of_record
TN:
SF:config.js
FN:64,(anonymous_0)
FNF:1
FNH:1
FNDA:29,(anonymous_0)
DA:3,6
DA:5,6
DA:64,6
DA:65,29
DA:66,29
DA:70,15
LF:6
LH:6
BRDA:65,0,0,29
BRDA:65,0,1,0
BRF:2
BRH:1
end_of_record
TN:
SF:server.js
FN:28,init
FN:64,(anonymous_1)
FN:73,(anonymous_2)
FN:83,(anonymous_3)
FN:98,(anonymous_4)
FN:108,(anonymous_5)
FN:130,start
FN:133,(anonymous_7)
FN:140,(anonymous_8)
FN:155,close
FN:165,(anonymous_10)
FN:176,(anonymous_11)
FN:181,(anonymous_12)
FN:198,send
FNF:14
FNH:13
FNDA:7,init
FNDA:8,(anonymous_1)
FNDA:1,(anonymous_2)
FNDA:1,(anonymous_3)
FNDA:1,(anonymous_4)
FNDA:1,(anonymous_5)
FNDA:7,start
FNDA:6,(anonymous_7)
FNDA:1,(anonymous_8)
FNDA:6,close
FNDA:2,(anonymous_10)
FNDA:4,(anonymous_11)
FNDA:0,(anonymous_12)
FNDA:13,send
DA:12,7
DA:13,7
DA:14,7
DA:20,7
DA:29,7
DA:49,7
DA:51,7
DA:58,7
DA:60,7
DA:63,7
DA:64,14
DA:65,8
DA:66,8
DA:67,4
DA:68,4
DA:73,7
DA:74,1
DA:79,1
DA:82,1
DA:83,1
DA:84,1
DA:85,1
DA:86,1
DA:87,1
DA:90,1
DA:91,1
DA:92,1
DA:93,1
DA:98,7
DA:99,1
DA:104,1
DA:107,1
DA:108,1
DA:109,1
DA:110,1
DA:111,1
DA:115,1
DA:116,1
DA:117,1
DA:118,1
DA:122,7
DA:131,7
DA:134,6
DA:135,6
DA:141,1
DA:142,1
DA:146,1
DA:156,6
DA:157,6
DA:164,6
DA:165,2
DA:166,2
DA:169,2
DA:174,6
DA:177,4
DA:178,4
DA:179,4
DA:185,0
DA:186,0
DA:187,0
DA:199,13
DA:200,13
DA:206,7
DA:207,5
DA:208,5
DA:209,5
DA:212,7
LF:67
LH:64
BRDA:31,0,0,7
BRDA:31,0,1,2
BRDA:66,1,0,4
BRDA:66,1,1,4
BRDA:82,2,0,1
BRDA:82,2,1,0
BRDA:90,3,0,1
BRDA:90,3,1,0
BRDA:107,4,0,1
BRDA:107,4,1,0
BRDA:115,5,0,1
BRDA:115,5,1,0
BRDA:130,6,0,1
BRDA:155,7,0,4
BRDA:164,8,0,2
BRDA:164,8,1,4
BRDA:177,9,0,4
BRDA:177,9,1,0
BRDA:185,10,0,0
BRDA:185,10,1,0
BRDA:199,11,0,13
BRDA:199,11,1,0
BRDA:206,12,0,5
BRDA:206,12,1,2
BRF:24
BRH:16
end_of_record
TN:
SF:plugins/App/index.js
FN:12,AppPlugin
FN:14,(anonymous_1)
FNF:2
FNH:2
FNDA:9,AppPlugin
FNDA:20,(anonymous_1)
DA:3,8
DA:4,8
DA:13,9
DA:14,9
DA:15,20
DA:16,20
DA:17,17
DA:19,3
DA:20,3
DA:22,3
DA:25,9
DA:28,8
LF:12
LH:12
BRDA:19,0,0,3
BRDA:19,0,1,0
BRF:2
BRH:1
end_of_record
TN:
SF:plugins/App/module/errors.js
FN:20,formatMessage
FN:34,build
FN:45,(anonymous_2)
FN:57,(anonymous_3)
FN:69,(anonymous_4)
FNF:5
FNH:4
FNDA:26,formatMessage
FNDA:26,build
FNDA:0,(anonymous_2)
FNDA:10,(anonymous_3)
FNDA:16,(anonymous_4)
DA:3,9
DA:9,9
DA:21,26
DA:22,26
DA:23,26
DA:25,26
DA:35,26
DA:36,26
DA:37,26
DA:46,0
DA:47,0
DA:58,10
DA:59,10
DA:70,16
DA:71,16
DA:75,9
LF:16
LH:14
BRDA:22,0,0,26
BRDA:22,0,1,0
BRF:2
BRH:1
end_of_record
TN:
SF:plugins/App/module/index.js
FN:26,(anonymous_0)
FN:40,(anonymous_1)
FN:59,(anonymous_2)
FN:80,(anonymous_3)
FN:91,(anonymous_4)
FN:106,(anonymous_5)
FN:147,(anonymous_6)
FN:160,(anonymous_7)
FN:163,(anonymous_8)
FN:192,(anonymous_9)
FN:206,(anonymous_10)
FNF:11
FNH:11
FNDA:10,(anonymous_0)
FNDA:38,(anonymous_1)
FNDA:58,(anonymous_2)
FNDA:78,(anonymous_3)
FNDA:174,(anonymous_4)
FNDA:90,(anonymous_5)
FNDA:38,(anonymous_6)
FNDA:38,(anonymous_7)
FNDA:84,(anonymous_8)
FNDA:38,(anonymous_9)
FNDA:38,(anonymous_10)
DA:4,9
DA:5,9
DA:6,9
DA:7,9
DA:9,9
DA:10,9
DA:11,9
DA:12,9
DA:13,9
DA:14,9
DA:15,9
DA:16,9
DA:17,9
DA:18,9
DA:27,10
DA:31,10
DA:41,38
DA:42,38
DA:43,38
DA:44,96
DA:45,96
DA:46,58
DA:49,38
DA:60,58
DA:61,78
DA:62,78
DA:63,78
DA:64,78
DA:65,78
DA:69,78
DA:81,78
DA:82,78
DA:92,174
DA:93,96
DA:95,174
DA:107,90
DA:108,90
DA:109,90
DA:110,90
DA:111,100
DA:113,100
DA:114,4
DA:116,96
DA:117,96
DA:118,96
DA:119,96
DA:120,96
DA:121,96
DA:122,38
DA:124,96
DA:125,78
DA:126,10
DA:127,68
DA:128,6
DA:148,38
DA:149,38
DA:150,90
DA:151,84
DA:161,38
DA:162,38
DA:163,38
DA:164,84
DA:165,84
DA:174,84
DA:176,32
DA:177,46
DA:178,66
DA:179,66
DA:182,32
DA:193,38
DA:194,38
DA:207,38
DA:208,32
DA:209,32
DA:210,84
DA:212,32
DA:213,32
DA:217,32
DA:218,14
DA:220,32
DA:221,84
DA:222,84
DA:223,84
DA:224,84
DA:225,40
DA:228,32
DA:232,9
LF:87
LH:87
BRDA:26,0,0,1
BRDA:26,1,0,5
BRDA:45,2,0,58
BRDA:45,2,1,38
BRDA:63,3,0,78
BRDA:63,3,1,58
BRDA:64,4,0,78
BRDA:64,4,1,78
BRDA:92,5,0,96
BRDA:92,5,1,78
BRDA:113,6,0,4
BRDA:113,6,1,96
BRDA:117,7,0,96
BRDA:117,7,1,0
BRDA:119,8,0,96
BRDA:119,8,1,0
BRDA:121,9,0,38
BRDA:121,9,1,58
BRDA:125,10,0,10
BRDA:125,10,1,68
BRDA:127,11,0,6
BRDA:127,11,1,62
BRDA:127,12,0,68
BRDA:127,12,1,68
BRDA:192,13,0,0
BRDA:206,14,0,0
BRDA:206,15,0,0
BRDA:206,16,0,36
BRDA:206,17,0,10
BRDA:217,18,0,14
BRDA:217,18,1,18
BRDA:224,19,0,40
BRDA:224,19,1,44
BRF:33
BRH:28
end_of_record
TN:
SF:plugins/App/module/request.js
FN:47,(anonymous_0)
FN:74,(anonymous_1)
FN:83,(anonymous_2)
FN:101,(anonymous_3)
FN:117,(anonymous_4)
FN:137,(anonymous_5)
FN:154,(anonymous_6)
FN:155,(anonymous_7)
FN:175,(anonymous_8)
FN:183,(anonymous_9)
FN:210,(anonymous_10)
FN:215,(anonymous_11)
FN:238,(anonymous_12)
FN:250,(anonymous_13)
FN:270,(anonymous_14)
FN:287,(anonymous_15)
FN:308,(anonymous_16)
FN:341,(anonymous_17)
FN:360,hrtimeToMilliseconds
FNF:19
FNH:19
FNDA:84,(anonymous_0)
FNDA:62,(anonymous_1)
FNDA:66,(anonymous_2)
FNDA:62,(anonymous_3)
FNDA:80,(anonymous_4)
FNDA:80,(anonymous_5)
FNDA:80,(anonymous_6)
FNDA:80,(anonymous_7)
FNDA:72,(anonymous_8)
FNDA:16,(anonymous_9)
FNDA:4,(anonymous_10)
FNDA:84,(anonymous_11)
FNDA:146,(anonymous_12)
FNDA:72,(anonymous_13)
FNDA:56,(anonymous_14)
FNDA:84,(anonymous_15)
FNDA:80,(anonymous_16)
FNDA:72,(anonymous_17)
FNDA:72,hrtimeToMilliseconds
DA:4,9
DA:5,9
DA:6,9
DA:8,9
DA:9,9
DA:10,9
DA:11,9
DA:12,9
DA:13,9
DA:14,9
DA:15,9
DA:16,9
DA:17,9
DA:18,9
DA:19,9
DA:20,9
DA:21,9
DA:22,9
DA:23,9
DA:24,9
DA:25,9
DA:26,9
DA:27,9
DA:28,9
DA:29,9
DA:30,9
DA:56,84
DA:57,84
DA:58,84
DA:59,84
DA:60,84
DA:61,84
DA:62,84
DA:63,84
DA:64,84
DA:65,84
DA:66,84
DA:67,84
DA:75,62
DA:84,66
DA:85,4
DA:86,4
DA:88,62
DA:102,62
DA:103,22
DA:105,40
DA:106,40
DA:107,40
DA:108,37
DA:110,3
DA:118,80
DA:119,80
DA:120,62
DA:121,62
DA:122,62
DA:123,62
DA:124,62
DA:127,80
DA:138,80
DA:139,80
DA:140,80
DA:146,80
DA:155,80
DA:156,80
DA:158,80
DA:159,80
DA:161,0
DA:164,0
DA:167,80
DA:171,80
DA:173,4
DA:175,76
DA:176,72
DA:177,72
DA:178,72
DA:181,72
DA:182,16
DA:183,16
DA:184,16
DA:195,56
DA:196,56
DA:198,56
DA:199,56
DA:210,76
DA:211,76
DA:217,84
DA:218,4
DA:220,80
DA:221,4
DA:222,4
DA:226,80
DA:227,80
DA:228,62
DA:230,80
DA:231,80
DA:239,146
DA:240,84
DA:242,146
DA:251,72
DA:252,12
DA:256,60
DA:257,60
DA:258,4
DA:271,56
DA:272,56
DA:274,0
DA:293,84
DA:309,80
DA:310,80
DA:311,80
DA:316,80
DA:317,80
DA:318,80
DA:319,80
DA:320,0
DA:321,0
DA:322,0
DA:324,80
DA:325,80
DA:327,80
DA:328,80
DA:329,80
DA:330,80
DA:331,80
DA:342,72
DA:343,72
DA:358,9
DA:361,72
DA:364,9
LF:129
LH:123
BRDA:47,0,0,0
BRDA:48,1,0,0
BRDA:49,2,0,0
BRDA:50,3,0,4
BRDA:54,4,0,0
BRDA:83,5,0,4
BRDA:83,6,0,0
BRDA:84,7,0,4
BRDA:84,7,1,62
BRDA:102,8,0,22
BRDA:102,8,1,40
BRDA:102,9,0,62
BRDA:102,9,1,40
BRDA:102,9,2,40
BRDA:106,10,0,76
BRDA:106,10,1,40
BRDA:107,11,0,37
BRDA:107,11,1,3
BRDA:107,12,0,40
BRDA:107,12,1,40
BRDA:123,13,0,25
BRDA:123,13,1,37
BRDA:137,14,0,0
BRDA:138,15,0,80
BRDA:138,15,1,0
BRDA:181,16,0,16
BRDA:181,16,1,56
BRDA:186,17,0,16
BRDA:186,17,1,14
BRDA:201,18,0,56
BRDA:201,18,1,54
BRDA:217,19,0,4
BRDA:217,19,1,80
BRDA:220,20,0,4
BRDA:220,20,1,76
BRDA:239,21,0,84
BRDA:239,21,1,62
BRDA:251,22,0,12
BRDA:251,22,1,60
BRDA:257,23,0,4
BRDA:257,23,1,56
BRDA:288,24,0,4
BRDA:289,25,0,12
BRDA:290,26,0,12
BRDA:291,27,0,12
BRDA:296,28,0,84
BRDA:296,28,1,26
BRDA:296,28,2,58
BRDA:317,29,0,80
BRDA:317,29,1,6
BRDA:319,30,0,0
BRDA:319,30,1,80
BRF:52
BRH:44
end_of_record
TN:
SF:services/App/index.js
FN:34,addSchemas
FN:44,(anonymous_1)
FN:46,(anonymous_2)
FN:69,(anonymous_3)
FNF:4
FNH:4
FNDA:8,addSchemas
FNDA:8,(anonymous_1)
FNDA:23,(anonymous_2)
FNDA:6,(anonymous_3)
DA:3,7
DA:35,8
DA:44,7
DA:45,8
DA:46,8
DA:47,23
DA:48,22
DA:51,22
DA:55,22
DA:60,23
DA:61,22
DA:62,22
DA:67,23
DA:69,8
DA:70,6
DA:71,5
DA:75,6
DA:77,8
DA:78,8
DA:79,8
LF:20
LH:20
BRDA:47,0,0,22
BRDA:47,0,1,1
BRDA:47,1,0,23
BRDA:47,1,1,23
BRDA:60,2,0,22
BRDA:60,2,1,1
BRDA:60,3,0,23
BRDA:60,3,1,23
BRDA:60,3,2,23
BRDA:70,4,0,5
BRDA:70,4,1,1
BRDA:70,5,0,6
BRDA:70,5,1,6
BRF:13
BRH:13
end_of_record
TN:
SF:services/App/handlers/examples.js
FNF:0
FNH:0
DA:1,7
LF:1
LH:1
BRF:0
BRH:0
end_of_record
TN:
SF:services/App/handlers/request.js
FN:90,(anonymous_0)
FNF:1
FNH:1
FNDA:20,(anonymous_0)
DA:3,7
DA:5,7
DA:91,20
DA:92,17
LF:4
LH:4
BRF:0
BRH:0
end_of_record
TN:
SF:services/root/index.js
FN:11,(anonymous_0)
FN:12,(anonymous_1)
FN:20,(anonymous_2)
FNF:3
FNH:2
FNDA:9,(anonymous_0)
FNDA:4,(anonymous_1)
FNDA:0,(anonymous_2)
DA:3,7
DA:11,7
DA:12,9
DA:13,4
DA:14,4
DA:18,4
DA:20,9
DA:21,0
DA:24,0
DA:26,9
DA:27,9
DA:28,9
LF:12
LH:10
BRDA:26,0,0,9
BRDA:26,0,1,1
BRF:2
BRH:2
end_of_record
TN:
SF:services/root/handlers/getStatus.js
FN:46,(anonymous_0)
FNF:1
FNH:1
FNDA:4,(anonymous_0)
DA:3,7
DA:47,4
LF:2
LH:2
BRF:0
BRH:0
end_of_record
